0 verbose cli C:\Program Files\nodejs\node.exe C:\Program Files\nodejs\node_modules\npm\bin\npm-cli.js
1 info using npm@10.9.0
2 info using node@v22.11.0
3 silly config load:file:C:\Program Files\nodejs\node_modules\npm\npmrc
4 silly config load:file:C:\Project\bottom-sheet\.npmrc
5 silly config load:file:C:\Users\pares\.npmrc
6 silly config load:file:C:\Users\pares\AppData\Roaming\npm\etc\npmrc
7 verbose title npm pack
8 verbose argv "pack" "--dry-run" "--cache" ".npm-cache"
9 verbose logfile logs-max:10 dir:C:\Project\bottom-sheet\.npm-cache\_logs\2026-04-11T16_46_04_061Z-
10 verbose logfile C:\Project\bottom-sheet\.npm-cache\_logs\2026-04-11T16_46_04_061Z-debug-0.log
11 silly logfile done cleaning log files
12 http fetch GET https://registry.npmjs.org/npm attempt 1 failed with ECONNREFUSED
13 silly packumentCache heap:2197815296 maxSize:549453824 maxEntrySize:274726912
14 verbose stack Error: EPERM: operation not permitted, unlink 'C:\Project\bottom-sheet\.npm-cache\_cacache\tmp\7331c795'
15 error code EPERM
16 error syscall unlink
17 error path C:\Project\bottom-sheet\.npm-cache\_cacache\tmp\7331c795
18 error errno -4048
19 error [Error: EPERM: operation not permitted, unlink 'C:\Project\bottom-sheet\.npm-cache\_cacache\tmp\7331c795'] {
19 error   errno: -4048,
19 error   code: 'EPERM',
19 error   syscall: 'unlink',
19 error   path: 'C:\\Project\\bottom-sheet\\.npm-cache\\_cacache\\tmp\\7331c795'
19 error }
20 error
20 error The operation was rejected by your operating system.
20 error It's possible that the file was already in use (by a text editor or antivirus),
20 error or that you lack permissions to access it.
20 error
20 error If you believe this might be a permissions issue, please double-check the
20 error permissions of the file and its containing directories, or try running
20 error the command again as root/Administrator.
21 verbose cwd C:\Project\bottom-sheet
22 verbose os Windows_NT 10.0.26200
23 verbose node v22.11.0
24 verbose npm  v10.9.0
25 verbose exit -4048
26 verbose code -4048
27 error A complete log of this run can be found in: C:\Project\bottom-sheet\.npm-cache\_logs\2026-04-11T16_46_04_061Z-debug-0.log
